  Source.cpp
c:\uni\progects\labs\lab01_2s\13_1\source.cpp(60): error C2664: "void write_pod<long>(std::ofstream &,T &)": невозможно преобразовать аргумент 2 из "unsigned int" в "T &"
          with
          [
              T=long
          ]
  c:\uni\progects\labs\lab01_2s\13_1\source.cpp(72): note: выполняется компиляция ссылки на экземпляр шаблон функции "void write_pod_vector<Node>(std::ofstream &,std::vector<Node,std::allocator<_Ty>> &)"
          with
          [
              _Ty=Node
          ]
c:\program files (x86)\microsoft visual studio\2017\community\vc\tools\msvc\14.16.27023\include\functional(431): error C2825: _Fn: должен представлять класс или пространство имен с последующим "::"
  c:\uni\progects\labs\lab01_2s\13_1\source.cpp(62): note: выполняется компиляция ссылки на экземпляр шаблон класс "std::binder1st<void (std::ofstream &,T &)>"
          with
          [
              T=Node
          ]
c:\program files (x86)\microsoft visual studio\2017\community\vc\tools\msvc\14.16.27023\include\functional(431): error C2510: _Fn: выражение слева от "::" должно быть классом, структурой или объединением
c:\program files (x86)\microsoft visual studio\2017\community\vc\tools\msvc\14.16.27023\include\functional(431): error C2146: синтаксическая ошибка: отсутствие ">" перед идентификатором "second_argument_type"
c:\program files (x86)\microsoft visual studio\2017\community\vc\tools\msvc\14.16.27023\include\functional(432): error C2825: _Fn: должен представлять класс или пространство имен с последующим "::"
c:\program files (x86)\microsoft visual studio\2017\community\vc\tools\msvc\14.16.27023\include\functional(432): error C2510: _Fn: выражение слева от "::" должно быть классом, структурой или объединением
c:\program files (x86)\microsoft visual studio\2017\community\vc\tools\msvc\14.16.27023\include\functional(433): error C3770: "unknown-type": не является допустимым базовым классом
c:\program files (x86)\microsoft visual studio\2017\community\vc\tools\msvc\14.16.27023\include\functional(435): error C2825: _Fn: должен представлять класс или пространство имен с последующим "::"
c:\program files (x86)\microsoft visual studio\2017\community\vc\tools\msvc\14.16.27023\include\functional(435): error C2510: _Fn: выражение слева от "::" должно быть классом, структурой или объединением
c:\program files (x86)\microsoft visual studio\2017\community\vc\tools\msvc\14.16.27023\include\functional(435): error C2146: синтаксическая ошибка: отсутствие ">" перед идентификатором "second_argument_type"
c:\program files (x86)\microsoft visual studio\2017\community\vc\tools\msvc\14.16.27023\include\functional(436): error C2825: _Fn: должен представлять класс или пространство имен с последующим "::"
c:\program files (x86)\microsoft visual studio\2017\community\vc\tools\msvc\14.16.27023\include\functional(436): error C2510: _Fn: выражение слева от "::" должно быть классом, структурой или объединением
c:\program files (x86)\microsoft visual studio\2017\community\vc\tools\msvc\14.16.27023\include\functional(436): error C2062: тип "unknown-type" не требуется
c:\program files (x86)\microsoft visual studio\2017\community\vc\tools\msvc\14.16.27023\include\functional(436): error C2238: непредвиденные лексемы перед ";"
c:\program files (x86)\microsoft visual studio\2017\community\vc\tools\msvc\14.16.27023\include\functional(437): error C2653: _Base: не является именем класса или пространства имен
c:\program files (x86)\microsoft visual studio\2017\community\vc\tools\msvc\14.16.27023\include\functional(437): error C3646: argument_type: неизвестный спецификатор переопределения
c:\program files (x86)\microsoft visual studio\2017\community\vc\tools\msvc\14.16.27023\include\functional(437): error C4430: отсутствует спецификатор типа - предполагается int. Примечание. C++ не поддерживает int по умолчанию
c:\program files (x86)\microsoft visual studio\2017\community\vc\tools\msvc\14.16.27023\include\functional(438): error C2653: _Base: не является именем класса или пространства имен
c:\program files (x86)\microsoft visual studio\2017\community\vc\tools\msvc\14.16.27023\include\functional(438): error C3646: result_type: неизвестный спецификатор переопределения
c:\program files (x86)\microsoft visual studio\2017\community\vc\tools\msvc\14.16.27023\include\functional(438): error C4430: отсутствует спецификатор типа - предполагается int. Примечание. C++ не поддерживает int по умолчанию
c:\program files (x86)\microsoft visual studio\2017\community\vc\tools\msvc\14.16.27023\include\functional(440): warning C4180: квалификатор, примененный к типу-функции, не имеет смысла; пропуск
c:\program files (x86)\microsoft visual studio\2017\community\vc\tools\msvc\14.16.27023\include\functional(440): error C2825: _Fn: должен представлять класс или пространство имен с последующим "::"
c:\program files (x86)\microsoft visual studio\2017\community\vc\tools\msvc\14.16.27023\include\functional(441): error C2510: _Fn: выражение слева от "::" должно быть классом, структурой или объединением
c:\program files (x86)\microsoft visual studio\2017\community\vc\tools\msvc\14.16.27023\include\functional(440): error C4430: отсутствует спецификатор типа - предполагается int. Примечание. C++ не поддерживает int по умолчанию
c:\program files (x86)\microsoft visual studio\2017\community\vc\tools\msvc\14.16.27023\include\functional(441): error C2143: синтаксическая ошибка: отсутствие "," перед "&"
c:\program files (x86)\microsoft visual studio\2017\community\vc\tools\msvc\14.16.27023\include\functional(457): error C2207: "std::binder1st<_Fn>::op": член шаблона класса не может получать тип функции
c:\program files (x86)\microsoft visual studio\2017\community\vc\tools\msvc\14.16.27023\include\functional(458): error C2825: _Fn: должен представлять класс или пространство имен с последующим "::"
c:\program files (x86)\microsoft visual studio\2017\community\vc\tools\msvc\14.16.27023\include\functional(458): error C2510: _Fn: выражение слева от "::" должно быть классом, структурой или объединением
c:\program files (x86)\microsoft visual studio\2017\community\vc\tools\msvc\14.16.27023\include\functional(458): error C3646: value: неизвестный спецификатор переопределения
c:\program files (x86)\microsoft visual studio\2017\community\vc\tools\msvc\14.16.27023\include\functional(458): error C4430: отсутствует спецификатор типа - предполагается int. Примечание. C++ не поддерживает int по умолчанию
